#
# There is insufficient memory for the Java Runtime Environment to continue.
# Native memory allocation (mmap) failed to map 65536 bytes for Failed to commit metaspace.
# Possible reasons:
#   The system is out of physical RAM or swap space
#   The process is running with CompressedOops enabled, and the Java Heap may be blocking the growth of the native heap
# Possible solutions:
#   Reduce memory load on the system
#   Increase physical memory or swap space
#   Check if swap backing store is full
#   Decrease Java heap size (-Xmx/-Xms)
#   Decrease number of Java threads
#   Decrease Java thread stack sizes (-Xss)
#   Set larger code cache with -XX:ReservedCodeCacheSize=
#   JVM is running with Unscaled Compressed Oops mode in which the Java heap is
#     placed in the first 4GB address space. The Java Heap base address is the
#     maximum limit for the native heap growth. Please use -XX:HeapBaseMinAddress
#     to set the Java Heap base and to place the Java Heap above 4GB virtual address.
# This output file may be truncated or incomplete.
#
#  Out of Memory Error (virtualSpaceNode.cpp:110), pid=4416, tid=17332
#
# JRE version: OpenJDK Runtime Environment JBR-17.0.6+1-653.34-jcef (17.0.6+1) (build 17.0.6+1-b653.34)
# Java VM: OpenJDK 64-Bit Server VM JBR-17.0.6+1-653.34-jcef (17.0.6+1-b653.34, mixed mode, tiered, compressed oops, compressed class ptrs, g1 gc, windows-amd64)
# No core dump will be written. Minidumps are not enabled by default on client versions of Windows
#

---------------  S U M M A R Y ------------

Command Line: git4idea.http.GitAskPassApp Username for 'https://github.com': 

Host: AMD Athlon Silver 3050U with Radeon Graphics   , 2 cores, 5G,  Windows 10 , 64 bit Build 19041 (10.0.19041.2364)
Time: Fri Apr  7 04:33:16 2023 US Eastern Daylight Time elapsed time: 0.255008 seconds (0d 0h 0m 0s)

---------------  T H R E A D  ---------------

Current thread (0x000002497760cfd0):  JavaThread "main" [_thread_in_vm, id=17332, stack(0x000000a728400000,0x000000a728500000)]

Stack: [0x000000a728400000,0x000000a728500000]
Native frames: (J=compiled Java code, j=interpreted, Vv=VM code, C=native code)
V  [jvm.dll+0x683b4a]
V  [jvm.dll+0x842654]
V  [jvm.dll+0x843dfe]
V  [jvm.dll+0x844463]
V  [jvm.dll+0x249b75]
V  [jvm.dll+0x83e6ab]
V  [jvm.dll+0x627fa6]
V  [jvm.dll+0x62800a]
V  [jvm.dll+0x62a81a]
V  [jvm.dll+0x628946]
V  [jvm.dll+0x632777]
V  [jvm.dll+0x1eda2b]
V  [jvm.dll+0x1edf65]
V  [jvm.dll+0x1ee884]
V  [jvm.dll+0x1e3dcc]
V  [jvm.dll+0x547f8d]
V  [jvm.dll+0x1f46eb]
V  [jvm.dll+0x7bc67b]
V  [jvm.dll+0x7bdac2]
V  [jvm.dll+0x7bddf8]
V  [jvm.dll+0x24190e]
V  [jvm.dll+0x38616b]
C  0x000002490753f264

Java frames: (J=compiled Java code, j=interpreted, Vv=VM code)
j  java.lang.invoke.DelegatingMethodHandle.<clinit>()V+69 java.base@17.0.6
v  ~StubRoutines::call_stub
j  java.lang.invoke.MethodHandleImpl.makeVarargsCollector(Ljava/lang/invoke/MethodHandle;Ljava/lang/Class;)Ljava/lang/invoke/MethodHandle;+37 java.base@17.0.6
j  java.lang.invoke.MethodHandle.asVarargsCollector(Ljava/lang/Class;)Ljava/lang/invoke/MethodHandle;+36 java.base@17.0.6
j  java.lang.invoke.MethodHandle.withVarargs(Z)Ljava/lang/invoke/MethodHandle;+33 java.base@17.0.6
j  java.lang.invoke.MethodHandle.setVarargs(Ljava/lang/invoke/MemberName;)Ljava/lang/invoke/MethodHandle;+11 java.base@17.0.6
j  java.lang.invoke.MethodHandles$Lookup.getDirectMethodCommon(BLjava/lang/Class;Ljava/lang/invoke/MemberName;ZZLjava/lang/invoke/MethodHandles$Lookup;)Ljava/lang/invoke/MethodHandle;+272 java.base@17.0.6
j  java.lang.invoke.MethodHandles$Lookup.getDirectMethodNoSecurityManager(BLjava/lang/Class;Ljava/lang/invoke/MemberName;Ljava/lang/invoke/MethodHandles$Lookup;)Ljava/lang/invoke/MethodHandle;+14 java.base@17.0.6
j  java.lang.invoke.MethodHandles$Lookup.getDirectMethodForConstant(BLjava/lang/Class;Ljava/lang/invoke/MemberName;)Ljava/lang/invoke/MethodHandle;+31 java.base@17.0.6
j  java.lang.invoke.MethodHandles$Lookup.linkMethodHandleConstant(BLjava/lang/Class;Ljava/lang/String;Ljava/lang/Object;)Ljava/lang/invoke/MethodHandle;+153 java.base@17.0.6
j  java.lang.invoke.MethodHandleNatives.linkMethodHandleConstant(Ljava/lang/Class;ILjava/lang/Class;Ljava/lang/String;Ljava/lang/Object;)Ljava/lang/invoke/MethodHandle;+38 java.base@17.0.6
v  ~StubRoutines::call_stub
j  git4idea.http.GitAskPassXmlRpcHandler.<clinit>()V+11
v  ~StubRoutines::call_stub
j  git4idea.http.GitAskPassApp.main([Ljava/lang/String;)V+28
v  ~StubRoutines::call_stub

---------------  P R O C E S S  ---------------

Threads class SMR info:
_java_thread_list=0x000002497f1450a0, length=12, elements={
0x000002497760cfd0, 0x000002497e53bb40, 0x000002497e53cc30, 0x000002497e592130,
0x000002497e596060, 0x000002497e598a20, 0x000002497e5993d0, 0x000002497e59a160,
0x000002497e59b210, 0x000002497e59d680, 0x000002497f160550, 0x000002497f173010
}

Java Threads: ( => current thread )
=>0x000002497760cfd0 JavaThread "main" [_thread_in_vm, id=17332, stack(0x000000a728400000,0x000000a728500000)]
  0x000002497e53bb40 JavaThread "Reference Handler" daemon [_thread_blocked, id=13348, stack(0x000000a728b00000,0x000000a728c00000)]
  0x000002497e53cc30 JavaThread "Finalizer" daemon [_thread_blocked, id=4324, stack(0x000000a728c00000,0x000000a728d00000)]
  0x000002497e592130 JavaThread "Signal Dispatcher" daemon [_thread_blocked, id=15084, stack(0x000000a728d00000,0x000000a728e00000)]
  0x000002497e596060 JavaThread "Attach Listener" daemon [_thread_blocked, id=7600, stack(0x000000a728e00000,0x000000a728f00000)]
  0x000002497e598a20 JavaThread "Service Thread" daemon [_thread_blocked, id=2316, stack(0x000000a728f00000,0x000000a729000000)]
  0x000002497e5993d0 JavaThread "Monitor Deflation Thread" daemon [_thread_blocked, id=13328, stack(0x000000a729000000,0x000000a729100000)]
  0x000002497e59a160 JavaThread "C2 CompilerThread0" daemon [_thread_blocked, id=8448, stack(0x000000a729100000,0x000000a729200000)]
  0x000002497e59b210 JavaThread "C1 CompilerThread0" daemon [_thread_blocked, id=10176, stack(0x000000a729200000,0x000000a729300000)]
  0x000002497e59d680 JavaThread "Sweeper thread" daemon [_thread_blocked, id=11584, stack(0x000000a729300000,0x000000a729400000)]
  0x000002497f160550 JavaThread "Notification Thread" daemon [_thread_blocked, id=11360, stack(0x000000a729400000,0x000000a729500000)]
  0x000002497f173010 JavaThread "Common-Cleaner" daemon [_thread_blocked, id=17096, stack(0x000000a729600000,0x000000a729700000)]

Other Threads:
  0x000002497e5396c0 VMThread "VM Thread" [stack: 0x000000a728a00000,0x000000a728b00000] [id=13404]
  0x000002497f160e30 WatcherThread [stack: 0x000000a729500000,0x000000a729600000] [id=13352]
  0x0000024977656620 GCTaskThread "GC Thread#0" [stack: 0x000000a728500000,0x000000a728600000] [id=9224]
  0x00000249776641b0 ConcurrentGCThread "G1 Main Marker" [stack: 0x000000a728600000,0x000000a728700000] [id=14096]
  0x0000024977665360 ConcurrentGCThread "G1 Conc#0" [stack: 0x000000a728700000,0x000000a728800000] [id=15136]
  0x00000249776c29a0 ConcurrentGCThread "G1 Refine#0" [stack: 0x000000a728800000,0x000000a728900000] [id=14356]
  0x00000249776c33c0 ConcurrentGCThread "G1 Service" [stack: 0x000000a728900000,0x000000a728a00000] [id=16272]

Threads with active compile tasks:

VM state: not at safepoint (normal execution)

VM Mutex/Monitor currently owned by a thread:  ([mutex/lock_event])
[0x000002497546db40] Metaspace_lock - owner thread: 0x000002497760cfd0

Heap address: 0x00000000a1e00000, size: 1506 MB, Compressed Oops mode: 32-bit

CDS archive(s) not mapped
Compressed class space mapped at: 0x0000000100000000-0x0000000140000000, reserved size: 1073741824
Narrow klass base: 0x0000000000000000, Narrow klass shift: 3, Narrow klass range: 0x140000000

GC Precious Log:
 CPUs: 2 total, 2 available
 Memory: 6021M
 Large Page Support: Disabled
 NUMA Support: Disabled
 Compressed Oops: Enabled (32-bit)
 Heap Region Size: 1M
 Heap Min Capacity: 8M
 Heap Initial Capacity: 96M
 Heap Max Capacity: 1506M
 Pre-touch: Disabled
 Parallel Workers: 2
 Concurrent Workers: 1
 Concurrent Refinement Workers: 2
 Periodic GC: Disabled

Heap:
 garbage-first heap   total 98304K, used 17408K [0x00000000a1e00000, 0x0000000100000000)
  region size 1024K, 2 young (2048K), 0 survivors (0K)
 Metaspace       used 5318K, committed 5440K, reserved 1056768K
  class space    used 445K, committed 512K, reserved 1048576K

Heap Regions: E=young(eden), S=young(survivor), O=old, HS=humongous(starts), HC=humongous(continues), CS=collection set, F=free, OA=open archive, CA=closed archive, TAMS=top-at-mark-start (previous, next)
|   0|0x00000000a1e00000, 0x00000000a1f00000, 0x00000000a1f00000|100%|HS|  |TAMS 0x00000000a1e00000, 0x00000000a1e00000| Complete 
|   1|0x00000000a1f00000, 0x00000000a2000000, 0x00000000a2000000|100%|HC|  |TAMS 0x00000000a1f00000, 0x00000000a1f00000| Complete 
|   2|0x00000000a2000000, 0x00000000a2100000, 0x00000000a2100000|100%|HC|  |TAMS 0x00000000a2000000, 0x00000000a2000000| Complete 
|   3|0x00000000a2100000, 0x00000000a2200000, 0x00000000a2200000|100%|HC|  |TAMS 0x00000000a2100000, 0x00000000a2100000| Complete 
|   4|0x00000000a2200000, 0x00000000a2300000, 0x00000000a2300000|100%|HC|  |TAMS 0x00000000a2200000, 0x00000000a2200000| Complete 
|   5|0x00000000a2300000, 0x00000000a2400000, 0x00000000a2400000|100%|HC|  |TAMS 0x00000000a2300000, 0x00000000a2300000| Complete 
|   6|0x00000000a2400000, 0x00000000a2500000, 0x00000000a2500000|100%|HC|  |TAMS 0x00000000a2400000, 0x00000000a2400000| Complete 
|   7|0x00000000a2500000, 0x00000000a2600000, 0x00000000a2600000|100%|HC|  |TAMS 0x00000000a2500000, 0x00000000a2500000| Complete 
|   8|0x00000000a2600000, 0x00000000a2700000, 0x00000000a2700000|100%|HC|  |TAMS 0x00000000a2600000, 0x00000000a2600000| Complete 
|   9|0x00000000a2700000, 0x00000000a2800000, 0x00000000a2800000|100%|HC|  |TAMS 0x00000000a2700000, 0x00000000a2700000| Complete 
|  10|0x00000000a2800000, 0x00000000a2900000, 0x00000000a2900000|100%|HC|  |TAMS 0x00000000a2800000, 0x00000000a2800000| Complete 
|  11|0x00000000a2900000, 0x00000000a2a00000, 0x00000000a2a00000|100%|HC|  |TAMS 0x00000000a2900000, 0x00000000a2900000| Complete 
|  12|0x00000000a2a00000, 0x00000000a2b00000, 0x00000000a2b00000|100%|HC|  |TAMS 0x00000000a2a00000, 0x00000000a2a00000| Complete 
|  13|0x00000000a2b00000, 0x00000000a2c00000, 0x00000000a2c00000|100%|HC|  |TAMS 0x00000000a2b00000, 0x00000000a2b00000| Complete 
|  14|0x00000000a2c00000, 0x00000000a2d00000, 0x00000000a2d00000|100%|HC|  |TAMS 0x00000000a2c00000, 0x00000000a2c00000| Complete 
|  15|0x00000000a2d00000, 0x00000000a2e00000, 0x00000000a2e00000|100%|HS|  |TAMS 0x00000000a2d00000, 0x00000000a2d00000| Complete 
|  16|0x00000000a2e00000, 0x00000000a2f00000, 0x00000000a2f00000|100%|HC|  |TAMS 0x00000000a2e00000, 0x00000000a2e00000| Complete 
|  17|0x00000000a2f00000, 0x00000000a2f00000, 0x00000000a3000000|  0%| F|  |TAMS 0x00000000a2f00000, 0x00000000a2f00000| Untracked 
|  18|0x00000000a3000000, 0x00000000a3000000, 0x00000000a3100000|  0%| F|  |TAMS 0x00000000a3000000, 0x00000000a3000000| Untracked 
|  19|0x00000000a3100000, 0x00000000a3100000, 0x00000000a3200000|  0%| F|  |TAMS 0x00000000a3100000, 0x00000000a3100000| Untracked 
|  20|0x00000000a3200000, 0x00000000a3200000, 0x00000000a3300000|  0%| F|  |TAMS 0x00000000a3200000, 0x00000000a3200000| Untracked 
|  21|0x00000000a3300000, 0x00000000a3300000, 0x00000000a3400000|  0%| F|  |TAMS 0x00000000a3300000, 0x00000000a3300000| Untracked 
|  22|0x00000000a3400000, 0x00000000a3400000, 0x00000000a3500000|  0%| F|  |TAMS 0x00000000a3400000, 0x00000000a3400000| Untracked 
|  23|0x00000000a3500000, 0x00000000a3500000, 0x00000000a3600000|  0%| F|  |TAMS 0x00000000a3500000, 0x00000000a3500000| Untracked 
|  24|0x00000000a3600000, 0x00000000a3600000, 0x00000000a3700000|  0%| F|  |TAMS 0x00000000a3600000, 0x00000000a3600000| Untracked 
|  25|0x00000000a3700000, 0x00000000a3700000, 0x00000000a3800000|  0%| F|  |TAMS 0x00000000a3700000, 0x00000000a3700000| Untracked 
|  26|0x00000000a3800000, 0x00000000a3800000, 0x00000000a3900000|  0%| F|  |TAMS 0x00000000a3800000, 0x00000000a3800000| Untracked 
|  27|0x00000000a3900000, 0x00000000a3900000, 0x00000000a3a00000|  0%| F|  |TAMS 0x00000000a3900000, 0x00000000a3900000| Untracked 
|  28|0x00000000a3a00000, 0x00000000a3a00000, 0x00000000a3b00000|  0%| F|  |TAMS 0x00000000a3a00000, 0x00000000a3a00000| Untracked 
|  29|0x00000000a3b00000, 0x00000000a3b00000, 0x00000000a3c00000|  0%| F|  |TAMS 0x00000000a3b00000, 0x00000000a3b00000| Untracked 
|  30|0x00000000a3c00000, 0x00000000a3c00000, 0x00000000a3d00000|  0%| F|  |TAMS 0x00000000a3c00000, 0x00000000a3c00000| Untracked 
|  31|0x00000000a3d00000, 0x00000000a3d00000, 0x00000000a3e00000|  0%| F|  |TAMS 0x00000000a3d00000, 0x00000000a3d00000| Untracked 
|  32|0x00000000a3e00000, 0x00000000a3e00000, 0x00000000a3f00000|  0%| F|  |TAMS 0x00000000a3e00000, 0x00000000a3e00000| Untracked 
|  33|0x00000000a3f00000, 0x00000000a3f00000, 0x00000000a4000000|  0%| F|  |TAMS 0x00000000a3f00000, 0x00000000a3f00000| Untracked 
|  34|0x00000000a4000000, 0x00000000a4000000, 0x00000000a4100000|  0%| F|  |TAMS 0x00000000a4000000, 0x00000000a4000000| Untracked 
|  35|0x00000000a4100000, 0x00000000a4100000, 0x00000000a4200000|  0%| F|  |TAMS 0x00000000a4100000, 0x00000000a4100000| Untracked 
|  36|0x00000000a4200000, 0x00000000a4200000, 0x00000000a4300000|  0%| F|  |TAMS 0x00000000a4200000, 0x00000000a4200000| Untracked 
|  37|0x00000000a4300000, 0x00000000a4300000, 0x00000000a4400000|  0%| F|  |TAMS 0x00000000a4300000, 0x00000000a4300000| Untracked 
|  38|0x00000000a4400000, 0x00000000a4400000, 0x00000000a4500000|  0%| F|  |TAMS 0x00000000a4400000, 0x00000000a4400000| Untracked 
|  39|0x00000000a4500000, 0x00000000a4500000, 0x00000000a4600000|  0%| F|  |TAMS 0x00000000a4500000, 0x00000000a4500000| Untracked 
|  40|0x00000000a4600000, 0x00000000a4600000, 0x00000000a4700000|  0%| F|  |TAMS 0x00000000a4600000, 0x00000000a4600000| Untracked 
|  41|0x00000000a4700000, 0x00000000a4700000, 0x00000000a4800000|  0%| F|  |TAMS 0x00000000a4700000, 0x00000000a4700000| Untracked 
|  42|0x00000000a4800000, 0x00000000a4800000, 0x00000000a4900000|  0%| F|  |TAMS 0x00000000a4800000, 0x00000000a4800000| Untracked 
|  43|0x00000000a4900000, 0x00000000a4900000, 0x00000000a4a00000|  0%| F|  |TAMS 0x00000000a4900000, 0x00000000a4900000| Untracked 
|  44|0x00000000a4a00000, 0x00000000a4a00000, 0x00000000a4b00000|  0%| F|  |TAMS 0x00000000a4a00000, 0x00000000a4a00000| Untracked 
|  45|0x00000000a4b00000, 0x00000000a4b00000, 0x00000000a4c00000|  0%| F|  |TAMS 0x00000000a4b00000, 0x00000000a4b00000| Untracked 
|  46|0x00000000a4c00000, 0x00000000a4c00000, 0x00000000a4d00000|  0%| F|  |TAMS 0x00000000a4c00000, 0x00000000a4c00000| Untracked 
|  47|0x00000000a4d00000, 0x00000000a4d00000, 0x00000000a4e00000|  0%| F|  |TAMS 0x00000000a4d00000, 0x00000000a4d00000| Untracked 
|  48|0x00000000a4e00000, 0x00000000a4e00000, 0x00000000a4f00000|  0%| F|  |TAMS 0x00000000a4e00000, 0x00000000a4e00000| Untracked 
|  49|0x00000000a4f00000, 0x00000000a4f00000, 0x00000000a5000000|  0%| F|  |TAMS 0x00000000a4f00000, 0x00000000a4f00000| Untracked 
|  50|0x00000000a5000000, 0x00000000a5000000, 0x00000000a5100000|  0%| F|  |TAMS 0x00000000a5000000, 0x00000000a5000000| Untracked 
|  51|0x00000000a5100000, 0x00000000a5100000, 0x00000000a5200000|  0%| F|  |TAMS 0x00000000a5100000, 0x00000000a5100000| Untracked 
|  52|0x00000000a5200000, 0x00000000a5200000, 0x00000000a5300000|  0%| F|  |TAMS 0x00000000a5200000, 0x00000000a5200000| Untracked 
|  53|0x00000000a5300000, 0x00000000a5300000, 0x00000000a5400000|  0%| F|  |TAMS 0x00000000a5300000, 0x00000000a5300000| Untracked 
|  54|0x00000000a5400000, 0x00000000a5400000, 0x00000000a5500000|  0%| F|  |TAMS 0x00000000a5400000, 0x00000000a5400000| Untracked 
|  55|0x00000000a5500000, 0x00000000a5500000, 0x00000000a5600000|  0%| F|  |TAMS 0x00000000a5500000, 0x00000000a5500000| Untracked 
|  56|0x00000000a5600000, 0x00000000a5600000, 0x00000000a5700000|  0%| F|  |TAMS 0x00000000a5600000, 0x00000000a5600000| Untracked 
|  57|0x00000000a5700000, 0x00000000a5700000, 0x00000000a5800000|  0%| F|  |TAMS 0x00000000a5700000, 0x00000000a5700000| Untracked 
|  58|0x00000000a5800000, 0x00000000a5800000, 0x00000000a5900000|  0%| F|  |TAMS 0x00000000a5800000, 0x00000000a5800000| Untracked 
|  59|0x00000000a5900000, 0x00000000a5900000, 0x00000000a5a00000|  0%| F|  |TAMS 0x00000000a5900000, 0x00000000a5900000| Untracked 
|  60|0x00000000a5a00000, 0x00000000a5a00000, 0x00000000a5b00000|  0%| F|  |TAMS 0x00000000a5a00000, 0x00000000a5a00000| Untracked 
|  61|0x00000000a5b00000, 0x00000000a5b00000, 0x00000000a5c00000|  0%| F|  |TAMS 0x00000000a5b00000, 0x00000000a5b00000| Untracked 
|  62|0x00000000a5c00000, 0x00000000a5c00000, 0x00000000a5d00000|  0%| F|  |TAMS 0x00000000a5c00000, 0x00000000a5c00000| Untracked 
|  63|0x00000000a5d00000, 0x00000000a5d00000, 0x00000000a5e00000|  0%| F|  |TAMS 0x00000000a5d00000, 0x00000000a5d00000| Untracked 
|  64|0x00000000a5e00000, 0x00000000a5e00000, 0x00000000a5f00000|  0%| F|  |TAMS 0x00000000a5e00000, 0x00000000a5e00000| Untracked 
|  65|0x00000000a5f00000, 0x00000000a5f00000, 0x00000000a6000000|  0%| F|  |TAMS 0x00000000a5f00000, 0x00000000a5f00000| Untracked 
|  66|0x00000000a6000000, 0x00000000a6000000, 0x00000000a6100000|  0%| F|  |TAMS 0x00000000a6000000, 0x00000000a6000000| Untracked 
|  67|0x00000000a6100000, 0x00000000a6100000, 0x00000000a6200000|  0%| F|  |TAMS 0x00000000a6100000, 0x00000000a6100000| Untracked 
|  68|0x00000000a6200000, 0x00000000a6200000, 0x00000000a6300000|  0%| F|  |TAMS 0x00000000a6200000, 0x00000000a6200000| Untracked 
|  69|0x00000000a6300000, 0x00000000a6300000, 0x00000000a6400000|  0%| F|  |TAMS 0x00000000a6300000, 0x00000000a6300000| Untracked 
|  70|0x00000000a6400000, 0x00000000a6400000, 0x00000000a6500000|  0%| F|  |TAMS 0x00000000a6400000, 0x00000000a6400000| Untracked 
|  71|0x00000000a6500000, 0x00000000a6500000, 0x00000000a6600000|  0%| F|  |TAMS 0x00000000a6500000, 0x00000000a6500000| Untracked 
|  72|0x00000000a6600000, 0x00000000a6600000, 0x00000000a6700000|  0%| F|  |TAMS 0x00000000a6600000, 0x00000000a6600000| Untracked 
|  73|0x00000000a6700000, 0x00000000a6700000, 0x00000000a6800000|  0%| F|  |TAMS 0x00000000a6700000, 0x00000000a6700000| Untracked 
|  74|0x00000000a6800000, 0x00000000a6800000, 0x00000000a6900000|  0%| F|  |TAMS 0x00000000a6800000, 0x00000000a6800000| Untracked 
|  75|0x00000000a6900000, 0x00000000a6900000, 0x00000000a6a00000|  0%| F|  |TAMS 0x00000000a6900000, 0x00000000a6900000| Untracked 
|  76|0x00000000a6a00000, 0x00000000a6a00000, 0x00000000a6b00000|  0%| F|  |TAMS 0x00000000a6a00000, 0x00000000a6a00000| Untracked 
|  77|0x00000000a6b00000, 0x00000000a6b00000, 0x00000000a6c00000|  0%| F|  |TAMS 0x00000000a6b00000, 0x00000000a6b00000| Untracked 
|  78|0x00000000a6c00000, 0x00000000a6c00000, 0x00000000a6d00000|  0%| F|  |TAMS 0x00000000a6c00000, 0x00000000a6c00000| Untracked 
|  79|0x00000000a6d00000, 0x00000000a6d00000, 0x00000000a6e00000|  0%| F|  |TAMS 0x00000000a6d00000, 0x00000000a6d00000| Untracked 
|  80|0x00000000a6e00000, 0x00000000a6e00000, 0x00000000a6f00000|  0%| F|  |TAMS 0x00000000a6e00000, 0x00000000a6e00000| Untracked 
|  81|0x00000000a6f00000, 0x00000000a6f00000, 0x00000000a7000000|  0%| F|  |TAMS 0x00000000a6f00000, 0x00000000a6f00000| Untracked 
|  82|0x00000000a7000000, 0x00000000a7000000, 0x00000000a7100000|  0%| F|  |TAMS 0x00000000a7000000, 0x00000000a7000000| Untracked 
|  83|0x00000000a7100000, 0x00000000a7100000, 0x00000000a7200000|  0%| F|  |TAMS 0x00000000a7100000, 0x00000000a7100000| Untracked 
|  84|0x00000000a7200000, 0x00000000a7200000, 0x00000000a7300000|  0%| F|  |TAMS 0x00000000a7200000, 0x00000000a7200000| Untracked 
|  85|0x00000000a7300000, 0x00000000a7300000, 0x00000000a7400000|  0%| F|  |TAMS 0x00000000a7300000, 0x00000000a7300000| Untracked 
|  86|0x00000000a7400000, 0x00000000a7400000, 0x00000000a7500000|  0%| F|  |TAMS 0x00000000a7400000, 0x00000000a7400000| Untracked 
|  87|0x00000000a7500000, 0x00000000a7500000, 0x00000000a7600000|  0%| F|  |TAMS 0x00000000a7500000, 0x00000000a7500000| Untracked 
|  88|0x00000000a7600000, 0x00000000a7600000, 0x00000000a7700000|  0%| F|  |TAMS 0x00000000a7600000, 0x00000000a7600000| Untracked 
|  89|0x00000000a7700000, 0x00000000a7700000, 0x00000000a7800000|  0%| F|  |TAMS 0x00000000a7700000, 0x00000000a7700000| Untracked 
|  90|0x00000000a7800000, 0x00000000a7800000, 0x00000000a7900000|  0%| F|  |TAMS 0x00000000a7800000, 0x00000000a7800000| Untracked 
|  91|0x00000000a7900000, 0x00000000a7900000, 0x00000000a7a00000|  0%| F|  |TAMS 0x00000000a7900000, 0x00000000a7900000| Untracked 
|  92|0x00000000a7a00000, 0x00000000a7a00000, 0x00000000a7b00000|  0%| F|  |TAMS 0x00000000a7a00000, 0x00000000a7a00000| Untracked 
|  93|0x00000000a7b00000, 0x00000000a7b00000, 0x00000000a7c00000|  0%| F|  |TAMS 0x00000000a7b00000, 0x00000000a7b00000| Untracked 
|  94|0x00000000a7c00000, 0x00000000a7c43710, 0x00000000a7d00000| 26%| E|  |TAMS 0x00000000a7c00000, 0x00000000a7c00000| Complete 
|  95|0x00000000a7d00000, 0x00000000a7df5ea0, 0x00000000a7e00000| 96%| E|  |TAMS 0x00000000a7d00000, 0x00000000a7d00000| Complete 

Card table byte_map: [0x000002497ad80000,0x000002497b080000] _byte_map_base: 0x000002497a871000

Marking Bits (Prev, Next): (CMBitMap*) 0x0000024977656c30, (CMBitMap*) 0x0000024977656c70
 Prev Bits: [0x000002497b380000, 0x000002497cb08000)
 Next Bits: [0x000002497cb10000, 0x000002497e298000)

Polling page: 0x0000024975300000

Metaspace:

Usage:
  Non-class:      4.76 MB used.
      Class:    445.13 KB used.
       Both:      5.19 MB used.

Virtual space:
  Non-class space:        8.00 MB reserved,       4.81 MB ( 60%) committed,  1 nodes.
      Class space:        1.00 GB reserved,     512.00 KB ( <1%) committed,  1 nodes.
             Both:        1.01 GB reserved,       5.31 MB ( <1%) committed. 

Chunk freelists:
   Non-Class:  2.99 MB
       Class:  3.55 MB
        Both:  6.54 MB

MaxMetaspaceSize: unlimited
CompressedClassSpaceSize: 1.00 GB
Initial GC threshold: 21.00 MB
Current GC threshold: 21.00 MB
CDS: off
MetaspaceReclaimPolicy: balanced
 - commit_granule_bytes: 65536.
 - commit_granule_words: 8192.
 - virtual_space_node_default_size: 1048576.
 - enlarge_chunks_in_place: 1.
 - new_chunks_are_fully_committed: 0.
 - uncommit_free_chunks: 1.
 - use_allocation_guard: 0.
 - handle_deallocations: 1.


Internal statistics:

num_allocs_failed_limit: 0.
num_arena_births: 4.
num_arena_deaths: 0.
num_vsnodes_births: 2.
num_vsnodes_deaths: 0.
num_space_committed: 85.
num_space_uncommitted: 0.
num_chunks_returned_to_freelist: 0.
num_chunks_taken_from_freelist: 11.
num_chunk_merges: 0.
num_chunk_splits: 4.
num_chunks_enlarged: 1.
num_purges: 0.
num_inconsistent_stats: 0.

CodeHeap 'non-profiled nmethods': size=120064Kb used=36Kb max_used=36Kb free=120027Kb
 bounds [0x0000024907ac0000, 0x0000024907d30000, 0x000002490f000000]
CodeHeap 'profiled nmethods': size=120000Kb used=203Kb max_used=203Kb free=119796Kb
 bounds [0x0000024900000000, 0x0000024900270000, 0x0000024907530000]
CodeHeap 'non-nmethods': size=5696Kb used=1072Kb max_used=1074Kb free=4623Kb
 bounds [0x0000024907530000, 0x00000249077a0000, 0x0000024907ac0000]
 total_blobs=465 nmethods=127 adapters=251
 compilation: enabled
              stopped_count=0, restarted_count=0
 full_count=0

Compilation events (20 events):
Event: 0.210 Thread 0x000002497e59b210  117 %     3       java.util.zip.ZipFile$Source::initCEN @ 240 (591 bytes)
Event: 0.213 Thread 0x000002497e59b210 nmethod 117% 0x0000024900026490 code [0x00000249000269e0, 0x0000024900029b58]
Event: 0.213 Thread 0x000002497e59b210  118       3       java.util.zip.ZipFile$Source::initCEN (591 bytes)
Event: 0.216 Thread 0x000002497e59b210 nmethod 118 0x000002490002af10 code [0x000002490002b440, 0x000002490002e438]
Event: 0.216 Thread 0x000002497e59a160  119 %     4       java.util.zip.ZipFile$Source::initCEN @ 240 (591 bytes)
Event: 0.228 Thread 0x000002497e59b210  120       3       java.util.Arrays::copyOfRange (64 bytes)
Event: 0.229 Thread 0x000002497e59b210 nmethod 120 0x000002490002f790 code [0x000002490002fa00, 0x00000249000302f8]
Event: 0.229 Thread 0x000002497e59b210  121       3       java.lang.StringLatin1::newString (24 bytes)
Event: 0.229 Thread 0x000002497e59b210 nmethod 121 0x0000024900030690 code [0x0000024900030860, 0x0000024900030b88]
Event: 0.230 Thread 0x000002497e59b210  122       3       java.lang.CharacterData::of (136 bytes)
Event: 0.230 Thread 0x000002497e59b210 nmethod 122 0x0000024900030c90 code [0x0000024900030ec0, 0x0000024900031858]
Event: 0.230 Thread 0x000002497e59b210  123       3       java.lang.CharacterDataLatin1::toUpperCase (53 bytes)
Event: 0.230 Thread 0x000002497e59b210 nmethod 123 0x0000024900031a90 code [0x0000024900031c40, 0x0000024900031ed8]
Event: 0.230 Thread 0x000002497e59b210  124       3       java.util.TreeMap::parentOf (13 bytes)
Event: 0.231 Thread 0x000002497e59b210 nmethod 124 0x0000024900032010 code [0x00000249000321a0, 0x0000024900032318]
Event: 0.233 Thread 0x000002497e59b210  125       3       java.lang.Character::toUpperCase (6 bytes)
Event: 0.233 Thread 0x000002497e59b210 nmethod 125 0x0000024900032410 code [0x00000249000325c0, 0x0000024900032818]
Event: 0.234 Thread 0x000002497e59b210  126       3       java.lang.ProcessEnvironment$NameComparator::compare (13 bytes)
Event: 0.235 Thread 0x000002497e59b210 nmethod 126 0x0000024900032910 code [0x0000024900032ac0, 0x0000024900032dc8]
Event: 0.240 Thread 0x000002497e59a160 nmethod 119% 0x0000024907ac6a90 code [0x0000024907ac6c80, 0x0000024907ac7ee8]

GC Heap History (0 events):
No events

Dll operation events (1 events):
Event: 0.015 Loaded shared library D:\JetBrains Rider 2022.3.3\jbr\bin\java.dll

Deoptimization events (20 events):
Event: 0.191 Thread 0x000002497760cfd0 DEOPT PACKING pc=0x000002490001bb8c sp=0x000000a7284fa2f0
Event: 0.191 Thread 0x000002497760cfd0 DEOPT UNPACKING pc=0x0000024907587143 sp=0x000000a7284f9780 mode 0
Event: 0.191 Thread 0x000002497760cfd0 DEOPT PACKING pc=0x000002490001bb8c sp=0x000000a7284fa2f0
Event: 0.191 Thread 0x000002497760cfd0 DEOPT UNPACKING pc=0x0000024907587143 sp=0x000000a7284f9780 mode 0
Event: 0.191 Thread 0x000002497760cfd0 DEOPT PACKING pc=0x000002490001bb8c sp=0x000000a7284fa2f0
Event: 0.191 Thread 0x000002497760cfd0 DEOPT UNPACKING pc=0x0000024907587143 sp=0x000000a7284f9780 mode 0
Event: 0.191 Thread 0x000002497760cfd0 DEOPT PACKING pc=0x000002490001bb8c sp=0x000000a7284fa2f0
Event: 0.191 Thread 0x000002497760cfd0 DEOPT UNPACKING pc=0x0000024907587143 sp=0x000000a7284f9780 mode 0
Event: 0.191 Thread 0x000002497760cfd0 DEOPT PACKING pc=0x000002490001bb8c sp=0x000000a7284fa2f0
Event: 0.191 Thread 0x000002497760cfd0 DEOPT UNPACKING pc=0x0000024907587143 sp=0x000000a7284f9780 mode 0
Event: 0.191 Thread 0x000002497760cfd0 DEOPT PACKING pc=0x000002490001bb8c sp=0x000000a7284fa2f0
Event: 0.191 Thread 0x000002497760cfd0 DEOPT UNPACKING pc=0x0000024907587143 sp=0x000000a7284f9780 mode 0
Event: 0.191 Thread 0x000002497760cfd0 DEOPT PACKING pc=0x000002490001bb8c sp=0x000000a7284fa2f0
Event: 0.191 Thread 0x000002497760cfd0 DEOPT UNPACKING pc=0x0000024907587143 sp=0x000000a7284f9780 mode 0
Event: 0.191 Thread 0x000002497760cfd0 DEOPT PACKING pc=0x000002490001bb8c sp=0x000000a7284fa2f0
Event: 0.191 Thread 0x000002497760cfd0 DEOPT UNPACKING pc=0x0000024907587143 sp=0x000000a7284f9780 mode 0
Event: 0.195 Thread 0x000002497760cfd0 Uncommon trap: trap_request=0xffffff45 fr.pc=0x0000024907ac4ff8 relative=0x0000000000000158
Event: 0.195 Thread 0x000002497760cfd0 Uncommon trap: reason=unstable_if action=reinterpret pc=0x0000024907ac4ff8 method=java.util.zip.ZipFile$Source.isMetaName([BII)Z @ 3 c2
Event: 0.195 Thread 0x000002497760cfd0 DEOPT PACKING pc=0x0000024907ac4ff8 sp=0x000000a7284fa420
Event: 0.195 Thread 0x000002497760cfd0 DEOPT UNPACKING pc=0x00000249075869a3 sp=0x000000a7284fa3c8 mode 2

Classes unloaded (0 events):
No events

Classes redefined (0 events):
No events

Internal exceptions (0 events):
No events

VM Operations (4 events):
Event: 0.228 Executing VM operation: HandshakeAllThreads
Event: 0.228 Executing VM operation: HandshakeAllThreads done
Event: 0.228 Executing VM operation: HandshakeAllThreads
Event: 0.228 Executing VM operation: HandshakeAllThreads done

Events (20 events):
Event: 0.244 loading class java/lang/invoke/LambdaForm$BasicType done
Event: 0.244 loading class java/lang/invoke/LambdaForm$Name
Event: 0.244 loading class java/lang/invoke/LambdaForm$Name done
Event: 0.244 loading class java/lang/invoke/LambdaForm$Holder
Event: 0.244 loading class java/lang/invoke/LambdaForm$Holder done
Event: 0.246 loading class java/lang/invoke/InvokerBytecodeGenerator
Event: 0.247 loading class java/lang/invoke/InvokerBytecodeGenerator done
Event: 0.247 loading class java/lang/invoke/InvokerBytecodeGenerator$2
Event: 0.247 loading class java/lang/invoke/InvokerBytecodeGenerator$2 done
Event: 0.247 loading class java/lang/invoke/MethodHandleImpl$Intrinsic
Event: 0.247 loading class java/lang/invoke/MethodHandleImpl$Intrinsic done
Event: 0.247 loading class java/lang/invoke/MethodHandleImpl$1
Event: 0.247 loading class jdk/internal/access/JavaLangInvokeAccess
Event: 0.247 loading class jdk/internal/access/JavaLangInvokeAccess done
Event: 0.247 loading class java/lang/invoke/MethodHandleImpl$1 done
Event: 0.248 loading class java/lang/invoke/MethodHandleImpl$AsVarargsCollector
Event: 0.248 loading class java/lang/invoke/DelegatingMethodHandle
Event: 0.249 loading class java/lang/invoke/DelegatingMethodHandle done
Event: 0.249 loading class java/lang/invoke/MethodHandleImpl$AsVarargsCollector done
Event: 0.249 loading class java/lang/invoke/DelegatingMethodHandle$Holder


Dynamic libraries:
0x00007ff751ba0000 - 0x00007ff751baa000 	D:\JetBrains Rider 2022.3.3\jbr\bin\java.exe
0x00007ff9daa50000 - 0x00007ff9dac48000 	C:\windows\SYSTEM32\ntdll.dll
0x00007ff9da8d0000 - 0x00007ff9da98f000 	C:\windows\System32\KERNEL32.DLL
0x00007ff9d8170000 - 0x00007ff9d8442000 	C:\windows\System32\KERNELBASE.dll
0x00007ff9d8650000 - 0x00007ff9d8750000 	C:\windows\System32\ucrtbase.dll
0x00007ff9cf850000 - 0x00007ff9cf867000 	D:\JetBrains Rider 2022.3.3\jbr\bin\jli.dll
0x00007ff9d96e0000 - 0x00007ff9d9881000 	C:\windows\System32\USER32.dll
0x00007ff9ab120000 - 0x00007ff9ab13b000 	D:\JetBrains Rider 2022.3.3\jbr\bin\VCRUNTIME140.dll
0x00007ff9d8810000 - 0x00007ff9d8832000 	C:\windows\System32\win32u.dll
0x00007ff9da7e0000 - 0x00007ff9da80b000 	C:\windows\System32\GDI32.dll
0x00007ff9d8980000 - 0x00007ff9d8a8f000 	C:\windows\System32\gdi32full.dll
0x00007ff9d8450000 - 0x00007ff9d84ed000 	C:\windows\System32\msvcp_win.dll
0x00007ff9c4120000 - 0x00007ff9c43ba000 	C:\windows\WinSxS\amd64_microsoft.windows.common-controls_6595b64144ccf1df_6.0.19041.1110_none_60b5254171f9507e\COMCTL32.dll
0x00007ff9d8ef0000 - 0x00007ff9d8f8e000 	C:\windows\System32\msvcrt.dll
0x00007ff9d8c80000 - 0x00007ff9d8cb2000 	C:\windows\System32\IMM32.DLL
0x00007ff9d2720000 - 0x00007ff9d272c000 	D:\JetBrains Rider 2022.3.3\jbr\bin\vcruntime140_1.dll
0x00007ff9a59b0000 - 0x00007ff9a5a3d000 	D:\JetBrains Rider 2022.3.3\jbr\bin\msvcp140.dll
0x00007ff95f8a0000 - 0x00007ff96050d000 	D:\JetBrains Rider 2022.3.3\jbr\bin\server\jvm.dll
0x00007ff9d8bc0000 - 0x00007ff9d8c6e000 	C:\windows\System32\ADVAPI32.dll
0x00007ff9d8e50000 - 0x00007ff9d8eec000 	C:\windows\System32\sechost.dll
0x00007ff9d8a90000 - 0x00007ff9d8bb5000 	C:\windows\System32\RPCRT4.dll
0x00007ff9d59e0000 - 0x00007ff9d59e9000 	C:\windows\SYSTEM32\WSOCK32.dll
0x00007ff9d9c90000 - 0x00007ff9d9cfb000 	C:\windows\System32\WS2_32.dll
0x00007ff9d0300000 - 0x00007ff9d0327000 	C:\windows\SYSTEM32\WINMM.dll
0x00007ff9d0330000 - 0x00007ff9d033a000 	C:\windows\SYSTEM32\VERSION.dll
0x00007ff9d6000000 - 0x00007ff9d6012000 	C:\windows\SYSTEM32\kernel.appcore.dll
0x00007ff9d3c10000 - 0x00007ff9d3c1a000 	D:\JetBrains Rider 2022.3.3\jbr\bin\jimage.dll
0x00007ff9c4440000 - 0x00007ff9c4624000 	C:\windows\SYSTEM32\DBGHELP.DLL
0x00007ff9c21b0000 - 0x00007ff9c21e5000 	C:\windows\SYSTEM32\dbgcore.DLL
0x00007ff9d88f0000 - 0x00007ff9d8972000 	C:\windows\System32\bcryptPrimitives.dll
0x00007ff9d3be0000 - 0x00007ff9d3c05000 	D:\JetBrains Rider 2022.3.3\jbr\bin\java.dll
0x00007ff9d3b90000 - 0x00007ff9d3ba8000 	D:\JetBrains Rider 2022.3.3\jbr\bin\zip.dll
0x00007ff9d9d00000 - 0x00007ff9da444000 	C:\windows\System32\SHELL32.dll
0x00007ff9d6200000 - 0x00007ff9d6992000 	C:\windows\SYSTEM32\windows.storage.dll
0x00007ff9d9930000 - 0x00007ff9d9c85000 	C:\windows\System32\combase.dll
0x00007ff9d7ac0000 - 0x00007ff9d7af0000 	C:\windows\SYSTEM32\Wldp.dll
0x00007ff9d9630000 - 0x00007ff9d96dd000 	C:\windows\System32\SHCORE.dll
0x00007ff9d8f90000 - 0x00007ff9d8fe5000 	C:\windows\System32\shlwapi.dll
0x00007ff9d8080000 - 0x00007ff9d809f000 	C:\windows\SYSTEM32\profapi.dll
0x00007ff9d3b70000 - 0x00007ff9d3b89000 	D:\JetBrains Rider 2022.3.3\jbr\bin\net.dll
0x00007ff9cab70000 - 0x00007ff9cac7c000 	C:\windows\SYSTEM32\WINHTTP.dll
0x00007ff9d7820000 - 0x00007ff9d788a000 	C:\windows\system32\mswsock.dll
0x00007ff9d3b50000 - 0x00007ff9d3b66000 	D:\JetBrains Rider 2022.3.3\jbr\bin\nio.dll

dbghelp: loaded successfully - version: 4.0.5 - missing functions: none
symbol engine: initialized successfully - sym options: 0x614 - pdb path: .;D:\JetBrains Rider 2022.3.3\jbr\bin;C:\windows\SYSTEM32;C:\windows\WinSxS\amd64_microsoft.windows.common-controls_6595b64144ccf1df_6.0.19041.1110_none_60b5254171f9507e;D:\JetBrains Rider 2022.3.3\jbr\bin\server

VM Arguments:
java_command: git4idea.http.GitAskPassApp Username for 'https://github.com': 
java_class_path (initial): D:/JetBrains Rider 2022.3.3/plugins/vcs-git/lib/git4idea-rt.jar;D:/JetBrains Rider 2022.3.3/lib/externalProcess-rt.jar;D:/JetBrains Rider 2022.3.3/lib/app.jar;D:/JetBrains Rider 2022.3.3/lib/3rd-party-rt.jar
Launcher Type: SUN_STANDARD

[Global flags]
     intx CICompilerCount                          = 2                                         {product} {ergonomic}
     uint ConcGCThreads                            = 1                                         {product} {ergonomic}
     uint G1ConcRefinementThreads                  = 2                                         {product} {ergonomic}
   size_t G1HeapRegionSize                         = 1048576                                   {product} {ergonomic}
    uintx GCDrainStackTargetSize                   = 64                                        {product} {ergonomic}
   size_t InitialHeapSize                          = 100663296                                 {product} {ergonomic}
   size_t MarkStackSize                            = 4194304                                   {product} {ergonomic}
   size_t MaxHeapSize                              = 1579155456                                {product} {ergonomic}
   size_t MaxNewSize                               = 946864128                                 {product} {ergonomic}
   size_t MinHeapDeltaBytes                        = 1048576                                   {product} {ergonomic}
   size_t MinHeapSize                              = 8388608                                   {product} {ergonomic}
    uintx NonNMethodCodeHeapSize                   = 5826188                                {pd product} {ergonomic}
    uintx NonProfiledCodeHeapSize                  = 122916026                              {pd product} {ergonomic}
    uintx ProfiledCodeHeapSize                     = 122916026                              {pd product} {ergonomic}
    uintx ReservedCodeCacheSize                    = 251658240                              {pd product} {ergonomic}
     bool SegmentedCodeCache                       = true                                      {product} {ergonomic}
   size_t SoftMaxHeapSize                          = 1579155456                             {manageable} {ergonomic}
     bool UseCompressedClassPointers               = true                           {product lp64_product} {ergonomic}
     bool UseCompressedOops                        = true                           {product lp64_product} {ergonomic}
     bool UseG1GC                                  = true                                      {product} {ergonomic}
     bool UseLargePagesIndividualAllocation        = false                                  {pd product} {ergonomic}

Logging:
Log output configuration:
 #0: stdout all=warning uptime,level,tags
 #1: stderr all=off uptime,level,tags

Environment Variables:
PATH=C:\Program Files\Git\mingw64\libexec\git-core;C:\Program Files\Git\mingw64\libexec\git-core;C:\Program Files\Git\mingw64\bin;C:\Program Files\Git\usr\bin;C:\Users\jake\bin;D:\Python\Scripts;D:\Python;C:\windows\system32;C:\windows;C:\windows\System32\Wbem;C:\windows\System32\WindowsPowerShell\v1.0;C:\windows\System32\OpenSSH;C:\Program Files\dotnet;C:\Users\jake\AppData\Local\Programs\Python\Python311;C:\Users\jake\AppData\Local\Packages\PythonSoftwareFoundation.Python.3.10_qbz5n2kfra8p0\LocalCache\local-packages\Python310\Scripts;C:\Users\jake\AppData\Local\Packages\PythonSoftwareFoundation.Python.3.10_qbz5n2kfra8p0\LocalCache\local-packages\Python310;D:\putty;C:\Program Files\CMake\bin;C:\Users\jake\AppData\Local\Microsoft\WindowsApps;D:\Microsoft VS Code\bin;D:\JetBrains Rider 2022.3.3\bin
USERNAME=jake
DISPLAY=:0.0
LC_ALL=en_US.UTF-8
TERM=xterm-256color
TMPDIR=C:\Users\jake\AppData\Local\Temp
OS=Windows_NT
PROCESSOR_IDENTIFIER=AMD64 Family 23 Model 24 Stepping 1, AuthenticAMD
TMP=C:\Users\jake\AppData\Local\Temp
TEMP=C:\Users\jake\AppData\Local\Temp



---------------  S Y S T E M  ---------------

OS:
 Windows 10 , 64 bit Build 19041 (10.0.19041.2364)
OS uptime: 4 days 9:46 hours

CPU: total 2 (initial active 2) (2 cores per cpu, 1 threads per core) family 23 model 24 stepping 1 microcode 0x0, cx8, cmov, fxsr, mmx, 3dnowpref, sse, sse2, sse3, ssse3, sse4a, sse4.1, sse4.2, popcnt, lzcnt, tsc, tscinvbit, avx, avx2, aes, clmul, bmi1, bmi2, adx, sha, fma, vzeroupper, clflush, clflushopt

Memory: 4k page, system-wide physical 6021M (278M free)
TotalPageFile size 13373M (AvailPageFile size 4M)
current process WorkingSet (physical memory assigned to process): 48M, peak: 48M
current process commit charge ("private bytes"): 159M, peak: 160M

vm_info: OpenJDK 64-Bit Server VM (17.0.6+1-b653.34) for windows-amd64 JRE (17.0.6+1-b653.34), built on 2023-02-24 by "builduser" with MS VC++ 16.10 / 16.11 (VS2019)

END.
